<?xml version="1.0" encoding="UTF-8"?>
<!-- Generated by org.testng.reporters.JUnitReportReporter -->
<testsuite hostname="Albi" failures="0" tests="1" name="tests.logoutTest" time="16.121" errors="0" timestamp="2025-07-06T22:42:59 IST" skipped="0">
  <testcase classname="tests.logoutTest" name="testLogoutFunctionality" time="16.121"/>
</testsuite> <!-- tests.logoutTest -->
