<?xml version="1.0" encoding="UTF-8"?>
<!-- Generated by org.testng.reporters.JUnitReportReporter -->
<testsuite hostname="Albi" failures="0" tests="1" name="tests.loginTest" time="56.941" errors="0" timestamp="2025-07-06T22:42:59 IST" skipped="0">
  <testcase classname="tests.loginTest" name="testUserLogin" time="56.941"/>
</testsuite> <!-- tests.loginTest -->
