<?xml version="1.0" encoding="UTF-8"?>
<!-- Generated by org.testng.reporters.JUnitReportReporter -->
<testsuite hostname="Albi" failures="0" tests="5" name="tests.homeTest" time="2.205" errors="0" timestamp="2025-07-06T22:42:59 IST" skipped="0">
  <testcase classname="tests.homeTest" name="verifyPageScrollability" time="2.101"/>
  <testcase classname="tests.homeTest" name="websiteIsSecure" time="0.009"/>
  <testcase classname="tests.homeTest" name="urlVerification" time="0.014"/>
  <testcase classname="tests.homeTest" name="logoVerification" time="0.065"/>
  <testcase classname="tests.homeTest" name="titleVerification" time="0.016"/>
</testsuite> <!-- tests.homeTest -->
