<?xml version="1.0" encoding="UTF-8"?>
<!-- Generated by org.testng.reporters.JUnitReportReporter -->
<testsuite hostname="Albi" failures="0" tests="1" name="tests.registerTest" time="156.775" errors="0" timestamp="2025-06-17T20:43:48 IST" skipped="0">
  <testcase classname="tests.registerTest" name="testUserRegistration" time="156.775"/>
</testsuite> <!-- tests.registerTest -->
